Updated duplicate props: 5111.274-2 to: 5111.274-2Policyforitemuniqueidentification.
Updated duplicate props: 5111.274-2 to: 5111.274-2S-90
Updated duplicate props: 5111.274-2 to: 5111.274-2S-91
Updated duplicate props: 5111.106 to: 5111.106CloudRequirements.
Updated duplicate props: 5111.106 to: 5111.106S-90
Updated duplicate props: 5111.106 to: 5111.106S-91
Updated duplicate props: 5111.106 to: 5111.106S-92
Updated duplicate props: 5111.106 to: 5111.106S-93
Updated duplicate props: 5111.106 to: 5111.106S-94
Updated duplicate props: 5111.106 to: 5111.106S-95
Updated duplicate props: Part 1 to: Part1-General
Updated duplicate props: Part 1 to: Part1-Introduction
Updated duplicate props: Part 1 to: Part1-Introduction
Updated duplicate props: Part 2 to: Part2-ContractingTestQuestions
Updated duplicate props: Part 2 to: Part2-PMRPolicyandPhilosophy
Updated duplicate props: Part 2 to: Part2-RatingSystem
Updated duplicate props: Part 3 to: Part3-Responsibilities
Updated duplicate props: Part 3 to: Part3-SubcontractingPlanRequirements
Updated duplicate props: 5101.108 to: 5101.108FARconventions.
Updated duplicate props: 5101.108 to: 5101.108bS-90IntroductionofdelegationsmatrixatAppendixGGandinstructionsforuse.
Updated duplicate props: DEPARTMENT OF to: DEPARTMENTOFTHEARMYGOVERNMENTPURCHASECARDOPERATINGPROCEDURES
Updated duplicate props: DEPARTMENT OF to: DEPARTMENTOFTHEARMYPLANFORCONTROLOFNONSTANDARDCLAUSES
